[2m2023-06-22T15:15:38.347275Z[0m [32m INFO[0m [2mrocket::launch[0m[2m:[0m Configured for release.    
[2m2023-06-22T15:15:38.347305Z[0m [32m INFO[0m [2mrocket::launch::_[0m[2m:[0m address: 0.0.0.0    
[2m2023-06-22T15:15:38.347307Z[0m [32m INFO[0m [2mrocket::launch::_[0m[2m:[0m port: 20445    
[2m2023-06-22T15:15:38.347308Z[0m [32m INFO[0m [2mrocket::launch::_[0m[2m:[0m workers: 3    
[2m2023-06-22T15:15:38.347309Z[0m [32m INFO[0m [2mrocket::launch::_[0m[2m:[0m max blocking threads: 512    
[2m2023-06-22T15:15:38.347310Z[0m [32m INFO[0m [2mrocket::launch::_[0m[2m:[0m ident: Rocket    
[2m2023-06-22T15:15:38.347310Z[0m [32m INFO[0m [2mrocket::launch::_[0m[2m:[0m IP header: X-Real-IP    
[2m2023-06-22T15:15:38.347311Z[0m [32m INFO[0m [2mrocket::launch::_[0m[2m:[0m limits: bytes = 8KiB, data-form = 2MiB, file = 1MiB, form = 32KiB, json = 4MB, msgpack = 1MiB, string = 8KiB    
[2m2023-06-22T15:15:38.347313Z[0m [32m INFO[0m [2mrocket::launch::_[0m[2m:[0m temp dir: /var/folders/r7/j43b24vd7jlf40k6ln5pp6mh0000gn/T/    
[2m2023-06-22T15:15:38.347314Z[0m [32m INFO[0m [2mrocket::launch::_[0m[2m:[0m http/2: true    
[2m2023-06-22T15:15:38.347315Z[0m [32m INFO[0m [2mrocket::launch::_[0m[2m:[0m keep-alive: 5s    
[2m2023-06-22T15:15:38.347316Z[0m [32m INFO[0m [2mrocket::launch::_[0m[2m:[0m tls: disabled    
[2m2023-06-22T15:15:38.347316Z[0m [32m INFO[0m [2mrocket::launch::_[0m[2m:[0m shutdown: ctrlc = false, force = true, signals = [SIGTERM], grace = 0s, mercy = 0s    
[2m2023-06-22T15:15:38.347318Z[0m [32m INFO[0m [2mrocket::launch::_[0m[2m:[0m log level: debug    
[2m2023-06-22T15:15:38.347318Z[0m [32m INFO[0m [2mrocket::launch::_[0m[2m:[0m cli colors: false    
[2m2023-06-22T15:15:38.347331Z[0m [32m INFO[0m [2mrocket::launch[0m[2m:[0m Routes:    
[2m2023-06-22T15:15:38.347347Z[0m [32m INFO[0m [2mrocket::launch::_[0m[2m:[0m (handle_bitcoin_rpc_call) POST / application/json    
[2m2023-06-22T15:15:38.347349Z[0m [32m INFO[0m [2mrocket::launch::_[0m[2m:[0m (handle_ping) GET /ping application/json    
[2m2023-06-22T15:15:38.347350Z[0m [32m INFO[0m [2mrocket::launch::_[0m[2m:[0m (handle_bitcoin_wallet_rpc_call) POST /wallet application/json    
[2m2023-06-22T15:15:38.347351Z[0m [32m INFO[0m [2mrocket::launch::_[0m[2m:[0m (handle_new_stacks_block) POST /new_block application/json    
[2m2023-06-22T15:15:38.347351Z[0m [32m INFO[0m [2mrocket::launch::_[0m[2m:[0m (handle_mined_block) POST /mined_block application/json    
[2m2023-06-22T15:15:38.347352Z[0m [32m INFO[0m [2mrocket::launch::_[0m[2m:[0m (handle_new_bitcoin_block) POST /new_burn_block application/json    
[2m2023-06-22T15:15:38.347353Z[0m [32m INFO[0m [2mrocket::launch::_[0m[2m:[0m (handle_new_mempool_tx) POST /new_mempool_tx application/json    
[2m2023-06-22T15:15:38.347354Z[0m [32m INFO[0m [2mrocket::launch::_[0m[2m:[0m (handle_new_microblocks) POST /new_microblocks application/json    
[2m2023-06-22T15:15:38.347355Z[0m [32m INFO[0m [2mrocket::launch::_[0m[2m:[0m (handle_drop_mempool_tx) POST /drop_mempool_tx application/json    
[2m2023-06-22T15:15:38.347356Z[0m [32m INFO[0m [2mrocket::launch::_[0m[2m:[0m (handle_mined_microblock) POST /mined_microblock application/json    
[2m2023-06-22T15:15:38.347357Z[0m [32m INFO[0m [2mrocket::launch::_[0m[2m:[0m (handle_new_attachement) POST /attachments/new application/json    
[2m2023-06-22T15:15:38.347359Z[0m [32m INFO[0m [2mrocket::launch[0m[2m:[0m Fairings:    
[2m2023-06-22T15:15:38.347359Z[0m [32m INFO[0m [2mrocket::launch::_[0m[2m:[0m Shield (liftoff, response, singleton)    
[2m2023-06-22T15:15:38.347772Z[0m [32m INFO[0m [2mrocket::shield::shield[0m[2m:[0m Shield:    
[2m2023-06-22T15:15:38.347775Z[0m [32m INFO[0m [2mrocket::shield::shield::_[0m[2m:[0m X-Content-Type-Options: nosniff    
[2m2023-06-22T15:15:38.347777Z[0m [32m INFO[0m [2mrocket::shield::shield::_[0m[2m:[0m X-Frame-Options: SAMEORIGIN    
[2m2023-06-22T15:15:38.347777Z[0m [32m INFO[0m [2mrocket::shield::shield::_[0m[2m:[0m Permissions-Policy: interest-cohort=()    
[2m2023-06-22T15:15:38.347780Z[0m [33m WARN[0m [2mrocket::launch[0m[2m:[0m Rocket has launched from http://0.0.0.0:20445    
[2m2023-06-22T15:16:11.670392Z[0m [32m INFO[0m [2mrocket::server[0m[2m:[0m Shutdown requested. Waiting for pending I/O...    
[2m2023-06-22T15:16:11.670869Z[0m [32m INFO[0m [2mrocket::server[0m[2m:[0m Graceful shutdown completed successfully.    
